# JRE version: OpenJDK Runtime Environment Corretto-17.0.9.8.1 (17.0.9+8) (build 17.0.9+8-LTS)
# Java VM: OpenJDK 64-Bit Server VM Corretto-17.0.9.8.1 (17.0.9+8-LTS, mixed mode, emulated-client, sharing, tiered, compressed oops, compressed class ptrs, g1 gc, windows-amd64)
GC Precious Log:
 CPUs: 8 total, 8 available
 Memory: 16320M
 Large Page Support: Disabled
 NUMA Support: Disabled
 Compressed Oops: Enabled (Zero based)
 Heap Region Size: 2M
 Heap Min Capacity: 8M
 Heap Initial Capacity: 256M
 Heap Max Capacity: 4082M
 Pre-touch: Disabled
 Parallel Workers: 8
 Concurrent Workers: 2
 Concurrent Refinement Workers: 8
 Periodic GC: Disabled
Heap:
 garbage-first heap   total 83968K, used 46682K [0x0000000700e00000, 0x0000000800000000)
  region size 2048K, 10 young (20480K), 2 survivors (4096K)
 Metaspace       used 52377K, committed 52864K, reserved 1114112K
  class space    used 7346K, committed 7616K, reserved 1048576K
GC Heap History (20 events):
Event: 3.719 GC heap before
{Heap before GC invocations=5 (full 0):
 garbage-first heap   total 69632K, used 53375K [0x0000000700e00000, 0x0000000800000000)
  region size 2048K, 23 young (47104K), 4 survivors (8192K)
 Metaspace       used 24254K, committed 24512K, reserved 1114112K
  class space    used 3324K, committed 3456K, reserved 1048576K
}
Event: 3.726 GC heap after
{Heap after GC invocations=6 (full 0):
 garbage-first heap   total 69632K, used 18947K [0x0000000700e00000, 0x0000000800000000)
  region size 2048K, 5 young (10240K), 5 survivors (10240K)
 Metaspace       used 24254K, committed 24512K, reserved 1114112K
  class space    used 3324K, committed 3456K, reserved 1048576K
}
Event: 4.310 GC heap before
{Heap before GC invocations=6 (full 0):
 garbage-first heap   total 69632K, used 43523K [0x0000000700e00000, 0x0000000800000000)
  region size 2048K, 18 young (36864K), 5 survivors (10240K)
 Metaspace       used 27584K, committed 27904K, reserved 1114112K
  class space    used 3851K, committed 3968K, reserved 1048576K
}
Event: 4.320 GC heap after
{Heap after GC invocations=7 (full 0):
 garbage-first heap   total 69632K, used 20057K [0x0000000700e00000, 0x0000000800000000)
  region size 2048K, 2 young (4096K), 2 survivors (4096K)
 Metaspace       used 27584K, committed 27904K, reserved 1114112K
  class space    used 3851K, committed 3968K, reserved 1048576K
}
Event: 4.966 GC heap before
{Heap before GC invocations=7 (full 0):
 garbage-first heap   total 69632K, used 48729K [0x0000000700e00000, 0x0000000800000000)
  region size 2048K, 16 young (32768K), 2 survivors (4096K)
 Metaspace       used 30420K, committed 30912K, reserved 1114112K
  class space    used 4295K, committed 4544K, reserved 1048576K
}
Event: 4.971 GC heap after
{Heap after GC invocations=8 (full 0):
 garbage-first heap   total 69632K, used 21866K [0x0000000700e00000, 0x0000000800000000)
  region size 2048K, 2 young (4096K), 2 survivors (4096K)
 Metaspace       used 30420K, committed 30912K, reserved 1114112K
  class space    used 4295K, committed 4544K, reserved 1048576K
}
Event: 5.539 GC heap before
{Heap before GC invocations=8 (full 0):
 garbage-first heap   total 69632K, used 48490K [0x0000000700e00000, 0x0000000800000000)
  region size 2048K, 15 young (30720K), 2 survivors (4096K)
 Metaspace       used 33597K, committed 34048K, reserved 1114112K
  class space    used 4784K, committed 4992K, reserved 1048576K
}
Event: 5.543 GC heap after
{Heap after GC invocations=9 (full 0):
 garbage-first heap   total 69632K, used 24105K [0x0000000700e00000, 0x0000000800000000)
  region size 2048K, 2 young (4096K), 2 survivors (4096K)
 Metaspace       used 33597K, committed 34048K, reserved 1114112K
  class space    used 4784K, committed 4992K, reserved 1048576K
}
Event: 5.799 GC heap before
{Heap before GC invocations=9 (full 0):
 garbage-first heap   total 69632K, used 48681K [0x0000000700e00000, 0x0000000800000000)
  region size 2048K, 15 young (30720K), 2 survivors (4096K)
 Metaspace       used 35157K, committed 35584K, reserved 1114112K
  class space    used 4941K, committed 5120K, reserved 1048576K
}
Event: 5.803 GC heap after
{Heap after GC invocations=10 (full 0):
 garbage-first heap   total 69632K, used 27744K [0x0000000700e00000, 0x0000000800000000)
  region size 2048K, 2 young (4096K), 2 survivors (4096K)
 Metaspace       used 35157K, committed 35584K, reserved 1114112K
  class space    used 4941K, committed 5120K, reserved 1048576K
}
Event: 5.876 GC heap before
{Heap before GC invocations=10 (full 0):
 garbage-first heap   total 69632K, used 29792K [0x0000000700e00000, 0x0000000800000000)
  region size 2048K, 4 young (8192K), 2 survivors (4096K)
 Metaspace       used 35644K, committed 36160K, reserved 1114112K
  class space    used 4990K, committed 5248K, reserved 1048576K
}
Event: 5.879 GC heap after
{Heap after GC invocations=11 (full 0):
 garbage-first heap   total 69632K, used 28317K [0x0000000700e00000, 0x0000000800000000)
  region size 2048K, 1 young (2048K), 1 survivors (2048K)
 Metaspace       used 35644K, committed 36160K, reserved 1114112K
  class space    used 4990K, committed 5248K, reserved 1048576K
}
Event: 6.234 GC heap before
{Heap before GC invocations=12 (full 0):
 garbage-first heap   total 69632K, used 48797K [0x0000000700e00000, 0x0000000800000000)
  region size 2048K, 12 young (24576K), 1 survivors (2048K)
 Metaspace       used 36771K, committed 37248K, reserved 1114112K
  class space    used 5199K, committed 5440K, reserved 1048576K
}
Event: 6.237 GC heap after
{Heap after GC invocations=13 (full 0):
 garbage-first heap   total 69632K, used 29146K [0x0000000700e00000, 0x0000000800000000)
  region size 2048K, 1 young (2048K), 1 survivors (2048K)
 Metaspace       used 36771K, committed 37248K, reserved 1114112K
  class space    used 5199K, committed 5440K, reserved 1048576K
}
Event: 6.288 GC heap before
{Heap before GC invocations=13 (full 0):
 garbage-first heap   total 69632K, used 31194K [0x0000000700e00000, 0x0000000800000000)
  region size 2048K, 2 young (4096K), 1 survivors (2048K)
 Metaspace       used 37438K, committed 37952K, reserved 1114112K
  class space    used 5252K, committed 5504K, reserved 1048576K
}
Event: 6.291 GC heap after
{Heap after GC invocations=14 (full 0):
 garbage-first heap   total 69632K, used 28830K [0x0000000700e00000, 0x0000000800000000)
  region size 2048K, 1 young (2048K), 1 survivors (2048K)
 Metaspace       used 37438K, committed 37952K, reserved 1114112K
  class space    used 5252K, committed 5504K, reserved 1048576K
}
Event: 6.796 GC heap before
{Heap before GC invocations=14 (full 0):
 garbage-first heap   total 69632K, used 51358K [0x0000000700e00000, 0x0000000800000000)
  region size 2048K, 12 young (24576K), 1 survivors (2048K)
 Metaspace       used 41386K, committed 41920K, reserved 1114112K
  class space    used 5880K, committed 6144K, reserved 1048576K
}
Event: 6.798 GC heap after
{Heap after GC invocations=15 (full 0):
 garbage-first heap   total 83968K, used 29589K [0x0000000700e00000, 0x0000000800000000)
  region size 2048K, 1 young (2048K), 1 survivors (2048K)
 Metaspace       used 41386K, committed 41920K, reserved 1114112K
  class space    used 5880K, committed 6144K, reserved 1048576K
}
Event: 7.736 GC heap before
{Heap before GC invocations=15 (full 0):
 garbage-first heap   total 83968K, used 62357K [0x0000000700e00000, 0x0000000800000000)
  region size 2048K, 18 young (36864K), 1 survivors (2048K)
 Metaspace       used 51203K, committed 51712K, reserved 1114112K
  class space    used 7184K, committed 7424K, reserved 1048576K
}
Event: 7.739 GC heap after
{Heap after GC invocations=16 (full 0):
 garbage-first heap   total 83968K, used 32346K [0x0000000700e00000, 0x0000000800000000)
  region size 2048K, 2 young (4096K), 2 survivors (4096K)
 Metaspace       used 51203K, committed 51712K, reserved 1114112K
  class space    used 7184K, committed 7424K, reserved 1048576K
}

