# JRE version: OpenJDK Runtime Environment Corretto-17.0.9.8.1 (17.0.9+8) (build 17.0.9+8-LTS)
# Java VM: OpenJDK 64-Bit Server VM Corretto-17.0.9.8.1 (17.0.9+8-LTS, mixed mode, emulated-client, sharing, tiered, compressed oops, compressed class ptrs, g1 gc, windows-amd64)
GC Precious Log:
 CPUs: 8 total, 8 available
 Memory: 16320M
 Large Page Support: Disabled
 NUMA Support: Disabled
 Compressed Oops: Enabled (Zero based)
 Heap Region Size: 2M
 Heap Min Capacity: 8M
 Heap Initial Capacity: 256M
 Heap Max Capacity: 4082M
 Pre-touch: Disabled
 Parallel Workers: 8
 Concurrent Workers: 2
 Concurrent Refinement Workers: 8
 Periodic GC: Disabled
Heap:
 garbage-first heap   total 102400K, used 72069K [0x0000000700e00000, 0x0000000800000000)
  region size 2048K, 20 young (40960K), 4 survivors (8192K)
 Metaspace       used 77848K, committed 78464K, reserved 1179648K
  class space    used 11353K, committed 11648K, reserved 1048576K
GC Heap History (20 events):
Event: 4.552 GC heap before
{Heap before GC invocations=11 (full 0):
 garbage-first heap   total 83968K, used 58647K [0x0000000700e00000, 0x0000000800000000)
  region size 2048K, 19 young (38912K), 1 survivors (2048K)
 Metaspace       used 41418K, committed 41856K, reserved 1114112K
  class space    used 5852K, committed 6080K, reserved 1048576K
}
Event: 4.555 GC heap after
{Heap after GC invocations=12 (full 0):
 garbage-first heap   total 83968K, used 26799K [0x0000000700e00000, 0x0000000800000000)
  region size 2048K, 2 young (4096K), 2 survivors (4096K)
 Metaspace       used 41418K, committed 41856K, reserved 1114112K
  class space    used 5852K, committed 6080K, reserved 1048576K
}
Event: 5.141 GC heap before
{Heap before GC invocations=12 (full 0):
 garbage-first heap   total 83968K, used 59567K [0x0000000700e00000, 0x0000000800000000)
  region size 2048K, 19 young (38912K), 2 survivors (4096K)
 Metaspace       used 47280K, committed 47808K, reserved 1114112K
  class space    used 6752K, committed 6976K, reserved 1048576K
}
Event: 5.144 GC heap after
{Heap after GC invocations=13 (full 0):
 garbage-first heap   total 83968K, used 28421K [0x0000000700e00000, 0x0000000800000000)
  region size 2048K, 1 young (2048K), 1 survivors (2048K)
 Metaspace       used 47280K, committed 47808K, reserved 1114112K
  class space    used 6752K, committed 6976K, reserved 1048576K
}
Event: 5.726 GC heap before
{Heap before GC invocations=13 (full 0):
 garbage-first heap   total 83968K, used 63237K [0x0000000700e00000, 0x0000000800000000)
  region size 2048K, 18 young (36864K), 1 survivors (2048K)
 Metaspace       used 54323K, committed 54848K, reserved 1114112K
  class space    used 7889K, committed 8128K, reserved 1048576K
}
Event: 5.729 GC heap after
{Heap after GC invocations=14 (full 0):
 garbage-first heap   total 83968K, used 29392K [0x0000000700e00000, 0x0000000800000000)
  region size 2048K, 2 young (4096K), 2 survivors (4096K)
 Metaspace       used 54323K, committed 54848K, reserved 1114112K
  class space    used 7889K, committed 8128K, reserved 1048576K
}
Event: 6.211 GC heap before
{Heap before GC invocations=14 (full 0):
 garbage-first heap   total 83968K, used 62160K [0x0000000700e00000, 0x0000000800000000)
  region size 2048K, 18 young (36864K), 2 survivors (4096K)
 Metaspace       used 58010K, committed 58560K, reserved 1114112K
  class space    used 8498K, committed 8768K, reserved 1048576K
}
Event: 6.215 GC heap after
{Heap after GC invocations=15 (full 0):
 garbage-first heap   total 83968K, used 30872K [0x0000000700e00000, 0x0000000800000000)
  region size 2048K, 2 young (4096K), 2 survivors (4096K)
 Metaspace       used 58010K, committed 58560K, reserved 1114112K
  class space    used 8498K, committed 8768K, reserved 1048576K
}
Event: 6.431 GC heap before
{Heap before GC invocations=15 (full 0):
 garbage-first heap   total 83968K, used 47256K [0x0000000700e00000, 0x0000000800000000)
  region size 2048K, 11 young (22528K), 2 survivors (4096K)
 Metaspace       used 59937K, committed 60480K, reserved 1114112K
  class space    used 8730K, committed 9024K, reserved 1048576K
}
Event: 6.435 GC heap after
{Heap after GC invocations=16 (full 0):
 garbage-first heap   total 83968K, used 31945K [0x0000000700e00000, 0x0000000800000000)
  region size 2048K, 2 young (4096K), 2 survivors (4096K)
 Metaspace       used 59937K, committed 60480K, reserved 1114112K
  class space    used 8730K, committed 9024K, reserved 1048576K
}
Event: 6.804 GC heap before
{Heap before GC invocations=17 (full 0):
 garbage-first heap   total 83968K, used 62665K [0x0000000700e00000, 0x0000000800000000)
  region size 2048K, 18 young (36864K), 2 survivors (4096K)
 Metaspace       used 62633K, committed 63232K, reserved 1114112K
  class space    used 9204K, committed 9472K, reserved 1048576K
}
Event: 6.808 GC heap after
{Heap after GC invocations=18 (full 0):
 garbage-first heap   total 83968K, used 33485K [0x0000000700e00000, 0x0000000800000000)
  region size 2048K, 3 young (6144K), 3 survivors (6144K)
 Metaspace       used 62633K, committed 63232K, reserved 1114112K
  class space    used 9204K, committed 9472K, reserved 1048576K
}
Event: 7.057 GC heap before
{Heap before GC invocations=18 (full 0):
 garbage-first heap   total 83968K, used 64205K [0x0000000700e00000, 0x0000000800000000)
  region size 2048K, 18 young (36864K), 3 survivors (6144K)
 Metaspace       used 63802K, committed 64320K, reserved 1114112K
  class space    used 9368K, committed 9600K, reserved 1048576K
}
Event: 7.062 GC heap after
{Heap after GC invocations=19 (full 0):
 garbage-first heap   total 83968K, used 34799K [0x0000000700e00000, 0x0000000800000000)
  region size 2048K, 2 young (4096K), 2 survivors (4096K)
 Metaspace       used 63802K, committed 64320K, reserved 1114112K
  class space    used 9368K, committed 9600K, reserved 1048576K
}
Event: 7.190 GC heap before
{Heap before GC invocations=19 (full 0):
 garbage-first heap   total 83968K, used 65519K [0x0000000700e00000, 0x0000000800000000)
  region size 2048K, 17 young (34816K), 2 survivors (4096K)
 Metaspace       used 64167K, committed 64704K, reserved 1114112K
  class space    used 9408K, committed 9664K, reserved 1048576K
}
Event: 7.193 GC heap after
{Heap after GC invocations=20 (full 0):
 garbage-first heap   total 83968K, used 35685K [0x0000000700e00000, 0x0000000800000000)
  region size 2048K, 2 young (4096K), 2 survivors (4096K)
 Metaspace       used 64167K, committed 64704K, reserved 1114112K
  class space    used 9408K, committed 9664K, reserved 1048576K
}
Event: 7.489 GC heap before
{Heap before GC invocations=20 (full 0):
 garbage-first heap   total 83968K, used 64357K [0x0000000700e00000, 0x0000000800000000)
  region size 2048K, 16 young (32768K), 2 survivors (4096K)
 Metaspace       used 66074K, committed 66688K, reserved 1114112K
  class space    used 9696K, committed 9984K, reserved 1048576K
}
Event: 7.493 GC heap after
{Heap after GC invocations=21 (full 0):
 garbage-first heap   total 102400K, used 37380K [0x0000000700e00000, 0x0000000800000000)
  region size 2048K, 2 young (4096K), 2 survivors (4096K)
 Metaspace       used 66074K, committed 66688K, reserved 1114112K
  class space    used 9696K, committed 9984K, reserved 1048576K
}
Event: 8.183 GC heap before
{Heap before GC invocations=21 (full 0):
 garbage-first heap   total 102400K, used 84484K [0x0000000700e00000, 0x0000000800000000)
  region size 2048K, 25 young (51200K), 2 survivors (4096K)
 Metaspace       used 72670K, committed 73344K, reserved 1114112K
  class space    used 10634K, committed 10944K, reserved 1048576K
}
Event: 8.188 GC heap after
{Heap after GC invocations=22 (full 0):
 garbage-first heap   total 102400K, used 41349K [0x0000000700e00000, 0x0000000800000000)
  region size 2048K, 4 young (8192K), 4 survivors (8192K)
 Metaspace       used 72670K, committed 73344K, reserved 1114112K
  class space    used 10634K, committed 10944K, reserved 1048576K
}

